node main --port 11111 --ethrpc 192.168.51.203:9999 --thread 5
curl -X GET 'http://127.0.0.1:5314/casigo'
port is used: false
node main --port 11111 --ethrpc 192.168.51.203:9999 --thread 5
curl -X GET 'http://127.0.0.1:5314/casigo'
port is used: false
3368 { addressType: 4,
  address: '127.0.0.1',
  port: 3368,
  fd: undefined }
3368 { addressType: 4, address: null, port: 3368, fd: undefined }
{ time: 1556882537671, status: '0', code: '0', url: '/sDAGinfo' }
{ time: 1556882537703,
  status: '0',
  code: '0',
  url: '/sDAGpixel?limit=200' }
{ time: 1556882594268, status: '0', code: '0', url: '/sDAGinfo' }
{ time: 1556882594305,
  status: '0',
  code: '0',
  url: '/sDAGpixel?limit=200' }
node main --port 11111 --ethrpc 192.168.51.203:9999 --thread 5
curl -X GET 'http://127.0.0.1:5314/casigo'
port is used: false
node main --port 11111 --ethrpc 192.168.51.203:9999 --thread 5
curl -X GET 'http://127.0.0.1:5314/casigo'
port is used: false
3368 { addressType: 4,
  address: '127.0.0.1',
  port: 3368,
  fd: undefined }
3368 { addressType: 4, address: null, port: 3368, fd: undefined }
node main --port 11111 --ethrpc 192.168.51.203:9999 --thread 5
curl -X GET 'http://127.0.0.1:5314/casigo'
port is used: false
node main --port 11111 --ethrpc 192.168.51.203:9999 --thread 5
curl -X GET 'http://127.0.0.1:5314/casigo'
port is used: false
3368 { addressType: 4,
  address: '127.0.0.1',
  port: 3368,
  fd: undefined }
3368 { addressType: 4, address: null, port: 3368, fd: undefined }
{ time: 1557374409972, status: '0', code: '0', url: '/sDAGinfo' }
{ time: 1557374410014,
  status: '0',
  code: '0',
  url: '/sDAGpixel?limit=200' }
node main --port 11111 --ethrpc 192.168.51.203:9999 --thread 5
curl -X GET 'http://127.0.0.1:5314/casigo'
port is used: false
node main --port 11111 --ethrpc 192.168.51.203:9999 --thread 5
curl -X GET 'http://127.0.0.1:5314/casigo'
port is used: false
3368 { addressType: 4,
  address: '127.0.0.1',
  port: 3368,
  fd: undefined }
3368 { addressType: 4, address: null, port: 3368, fd: undefined }
{ time: 1557391640324, status: '0', code: '0', url: '/sDAGinfo' }
{ time: 1557391640375,
  status: '0',
  code: '0',
  url: '/sDAGpixel?limit=200' }
{ time: 1557391667169, status: '0', code: '0', url: '/sDAGinput' }
{ time: 1557391680879, status: '0', code: '0', url: '/sDAGinfo' }
{ time: 1557391680909,
  status: '0',
  code: '0',
  url: '/sDAGpixel?limit=200' }
{ time: 1557391719886, status: '0', code: '0', url: '/sDAGinput' }
{ time: 1557391834288, status: '0', code: '0', url: '/sDAGinput' }
{ time: 1557391845843, status: '0', code: '0', url: '/sDAGinfo' }
{ time: 1557391845884,
  status: '0',
  code: '0',
  url: '/sDAGpixel?limit=200' }
{ time: 1557391946388, status: '0', code: '0', url: '/sDAGinput' }
{ time: 1557391955933, status: '0', code: '0', url: '/sDAGinfo' }
{ time: 1557391955967,
  status: '0',
  code: '0',
  url: '/sDAGpixel?limit=200' }
{ time: 1557392151710, status: '0', code: '0', url: '/sDAGinfo' }
{ time: 1557392151762,
  status: '0',
  code: '0',
  url: '/sDAGpixel?limit=200' }
{ time: 1557392486176, status: '0', code: '0', url: '/sDAGinfo' }
{ time: 1557392486235,
  status: '0',
  code: '0',
  url: '/sDAGpixel?limit=200' }
{ time: 1557393017368, status: '0', code: '0', url: '/sDAGinfo' }
{ time: 1557393017428,
  status: '0',
  code: '0',
  url: '/sDAGpixel?limit=200' }
{ time: 1557393079930, status: '0', code: '0', url: '/sDAGinfo' }
{ time: 1557393079982,
  status: '0',
  code: '0',
  url: '/sDAGpixel?limit=200' }
{ time: 1557393456511, status: '0', code: '0', url: '/sDAGinfo' }
{ time: 1557393456547,
  status: '0',
  code: '0',
  url: '/sDAGpixel?limit=200' }
{ time: 1557396937785, status: '0', code: '0', url: '/sDAGinfo' }
{ time: 1557396937851,
  status: '0',
  code: '0',
  url: '/sDAGpixel?limit=200' }
{ time: 1557397867036, status: '0', code: '0', url: '/sDAGinfo' }
{ time: 1557397867091,
  status: '0',
  code: '0',
  url: '/sDAGpixel?limit=200' }
{ time: 1557397867362, status: '0', code: '0', url: '/sDAGinfo' }
{ time: 1557397867419,
  status: '0',
  code: '0',
  url: '/sDAGpixel?limit=200' }
{ time: 1557397867706, status: '0', code: '0', url: '/sDAGinfo' }
{ time: 1557397867771,
  status: '0',
  code: '0',
  url: '/sDAGpixel?limit=200' }
{ time: 1557398629307, status: '0', code: '0', url: '/sDAGinfo' }
{ time: 1557398629355,
  status: '0',
  code: '0',
  url: '/sDAGpixel?limit=200' }
{ time: 1557398629628, status: '0', code: '0', url: '/sDAGinfo' }
{ time: 1557398629680,
  status: '0',
  code: '0',
  url: '/sDAGpixel?limit=200' }
{ time: 1557398630559, status: '0', code: '0', url: '/sDAGinfo' }
{ time: 1557398630596,
  status: '0',
  code: '0',
  url: '/sDAGpixel?limit=200' }
{ time: 1557398634407, status: '0', code: '0', url: '/sDAGinfo' }
{ time: 1557398634455,
  status: '0',
  code: '0',
  url: '/sDAGpixel?limit=200' }
{ time: 1557398634706, status: '0', code: '0', url: '/sDAGinfo' }
{ time: 1557398634757,
  status: '0',
  code: '0',
  url: '/sDAGpixel?limit=200' }
{ time: 1557398635545, status: '0', code: '0', url: '/sDAGinfo' }
{ time: 1557398635597,
  status: '0',
  code: '0',
  url: '/sDAGpixel?limit=200' }
{ time: 1557398684764, status: '0', code: '0', url: '/sDAGinfo' }
{ time: 1557398684792,
  status: '0',
  code: '0',
  url: '/sDAGpixel?limit=200' }
{ time: 1557398684947, status: '0', code: '0', url: '/sDAGinfo' }
{ time: 1557398684975,
  status: '0',
  code: '0',
  url: '/sDAGpixel?limit=200' }
{ time: 1557398685592, status: '0', code: '0', url: '/sDAGinfo' }
{ time: 1557398685636,
  status: '0',
  code: '0',
  url: '/sDAGpixel?limit=200' }
{ time: 1557398799965, status: '0', code: '0', url: '/sDAGinfo' }
{ time: 1557398800005,
  status: '0',
  code: '0',
  url: '/sDAGpixel?limit=200' }
{ time: 1557398804581, status: '0', code: '0', url: '/sDAGinfo' }
{ time: 1557398804641,
  status: '0',
  code: '0',
  url: '/sDAGpixel?limit=200' }
{ time: 1557398865705, status: '0', code: '0', url: '/sDAGinfo' }
{ time: 1557398865739,
  status: '0',
  code: '0',
  url: '/sDAGpixel?limit=200' }
{ time: 1557398865842, status: '0', code: '0', url: '/sDAGinfo' }
{ time: 1557398865889,
  status: '0',
  code: '0',
  url: '/sDAGpixel?limit=200' }
{ time: 1557398866032, status: '0', code: '0', url: '/sDAGinfo' }
{ time: 1557398866075,
  status: '0',
  code: '0',
  url: '/sDAGpixel?limit=200' }
{ time: 1557398866759, status: '0', code: '0', url: '/sDAGinfo' }
{ time: 1557398866814,
  status: '0',
  code: '0',
  url: '/sDAGpixel?limit=200' }
{ time: 1557399035345, status: '0', code: '0', url: '/sDAGinfo' }
{ time: 1557399035402,
  status: '0',
  code: '0',
  url: '/sDAGpixel?limit=200' }
{ time: 1557399035960, status: '0', code: '0', url: '/sDAGinfo' }
{ time: 1557399036011,
  status: '0',
  code: '0',
  url: '/sDAGpixel?limit=200' }
{ time: 1557399036483, status: '0', code: '0', url: '/sDAGinfo' }
{ time: 1557399036541,
  status: '0',
  code: '0',
  url: '/sDAGpixel?limit=200' }
{ time: 1557399037594, status: '0', code: '0', url: '/sDAGinfo' }
{ time: 1557399037654,
  status: '0',
  code: '0',
  url: '/sDAGpixel?limit=200' }
{ time: 1557401776845, status: '0', code: '0', url: '/sDAGinfo' }
{ time: 1557401776878,
  status: '0',
  code: '0',
  url: '/sDAGpixel?limit=200' }
{ time: 1557402197171, status: '0', code: '0', url: '/sDAGinfo' }
{ time: 1557402197197,
  status: '0',
  code: '0',
  url: '/sDAGpixel?limit=200' }
{ time: 1557402301559, status: '0', code: '0', url: '/sDAGinfo' }
{ time: 1557402301580,
  status: '0',
  code: '0',
  url: '/sDAGpixel?limit=200' }
node main --port 11111 --ethrpc 192.168.51.203:9999 --thread 5
curl -X GET 'http://127.0.0.1:5314/casigo'
port is used: false
node main --port 11111 --ethrpc 192.168.51.203:9999 --thread 5
curl -X GET 'http://127.0.0.1:5314/casigo'
port is used: false
3368 { addressType: 4,
  address: '127.0.0.1',
  port: 3368,
  fd: undefined }
3368 { addressType: 4, address: null, port: 3368, fd: undefined }
{ time: 1558431922084, status: '0', code: '0', url: '/sDAGinfo' }
{ time: 1558431922121,
  status: '0',
  code: '0',
  url: '/sDAGpixel?limit=200' }
{ time: 1558431980240, status: '0', code: '0', url: '/sDAGinfo' }
{ time: 1558431980263,
  status: '0',
  code: '0',
  url: '/sDAGpixel?limit=200' }
{ time: 1558432041150, status: '0', code: '0', url: '/sDAGinfo' }
{ time: 1558432041180,
  status: '0',
  code: '0',
  url: '/sDAGpixel?limit=200' }
{ time: 1558432093276, status: '0', code: '0', url: '/sDAGinfo' }
{ time: 1558432093521,
  status: '0',
  code: '0',
  url: '/sDAGpixel?limit=200' }
{ time: 1558432266084, status: '0', code: '0', url: '/sDAGinfo' }
{ time: 1558432266373,
  status: '0',
  code: '0',
  url: '/sDAGpixel?limit=200' }
{ time: 1558432385569, status: '0', code: '0', url: '/sDAGinfo' }
{ time: 1558432385794,
  status: '0',
  code: '0',
  url: '/sDAGpixel?limit=200' }
{ time: 1558432489058, status: '0', code: '0', url: '/sDAGinfo' }
{ time: 1558432489088,
  status: '0',
  code: '0',
  url: '/sDAGpixel?limit=200' }
{ time: 1558432514896, status: '0', code: '0', url: '/sDAGinfo' }
{ time: 1558432514926,
  status: '0',
  code: '0',
  url: '/sDAGpixel?limit=200' }
{ time: 1558432698779, status: '0', code: '0', url: '/sDAGinfo' }
{ time: 1558432698822,
  status: '0',
  code: '0',
  url: '/sDAGpixel?limit=200' }
{ time: 1558432714104, status: '0', code: '0', url: '/sDAGinfo' }
{ time: 1558432714353,
  status: '0',
  code: '0',
  url: '/sDAGpixel?limit=200' }
{ time: 1558432715995, status: '0', code: '0', url: '/sDAGinfo' }
{ time: 1558432716021,
  status: '0',
  code: '0',
  url: '/sDAGpixel?limit=200' }
{ time: 1558432734505, status: '0', code: '0', url: '/sDAGinfo' }
{ time: 1558432734536,
  status: '0',
  code: '0',
  url: '/sDAGpixel?limit=200' }
{ time: 1558432739704, status: '0', code: '0', url: '/sDAGinfo' }
{ time: 1558432739954,
  status: '0',
  code: '0',
  url: '/sDAGpixel?limit=200' }
{ time: 1558432742189, status: '0', code: '0', url: '/sDAGinfo' }
{ time: 1558432742218,
  status: '0',
  code: '0',
  url: '/sDAGpixel?limit=200' }
node main --port 11111 --ethrpc 192.168.51.203:9999 --thread 5
curl -X GET 'http://127.0.0.1:5314/casigo'
port is used: false
node main --port 11111 --ethrpc 192.168.51.203:9999 --thread 5
curl -X GET 'http://127.0.0.1:5314/casigo'
port is used: false
2222 { addressType: 4,
  address: '127.0.0.1',
  port: 2222,
  fd: undefined }
2222 { addressType: 4, address: null, port: 2222, fd: undefined }
node main --port 11111 --ethrpc 192.168.51.203:9999 --thread 5
curl -X GET 'http://127.0.0.1:5314/casigo'
port is used: false
node main --port 11111 --ethrpc 192.168.51.203:9999 --thread 5
curl -X GET 'http://127.0.0.1:5314/casigo'
port is used: false
2222 { addressType: 4,
  address: '127.0.0.1',
  port: 2222,
  fd: undefined }
2222 { addressType: 4, address: null, port: 2222, fd: undefined }
